<?xml version='1.0' encoding='UTF-8'?>
<testsuite hostname="ubuntu" name="DecoderSpec" tests="1" errors="0" failures="0" skipped="0" time="0.978" timestamp="2022-10-14T19:54:11">
          <properties>
      <property name="jline.esc.timeout" value="0"/><property name="jna.platform.library.path" value="/usr/lib/x86_64-linux-gnu:/lib/x86_64-linux-gnu:/usr/lib64:/lib64:/usr/lib:/lib:/lib32:/usr/lib/vmware-tools/lib64/libvmGuestLibJava.so:/usr/lib/vmware-tools/lib32/libvmGuestLibJava.so:/usr/lib/vmware-tools/lib64/libvmGuestLib.so:/usr/lib/vmware-tools/lib32/libvmGuestLib.so:/libx32:/lib/i386-linux-gnu:/usr/lib/x86_64-linux-gnu/libfakeroot:/usr/local/lib:/usr/lib/vmware-tools/lib64/libDeployPkg.so:/usr/lib/vmware-tools/lib32/libDeployPkg.so"/><property name="java.runtime.name" value="OpenJDK Runtime Environment"/><property name="sun.boot.library.path" value="/home/oneshot/.jdks/corretto-1.8.0_342/jre/lib/amd64"/><property name="java.vm.version" value="25.342-b07"/><property name="java.vm.vendor" value="Amazon.com Inc."/><property name="java.vendor.url" value="https://aws.amazon.com/corretto/"/><property name="path.separator" value=":"/><property name="jna.loaded" value="true"/><property name="java.vm.name" value="OpenJDK 64-Bit Server VM"/><property name="file.encoding.pkg" value="sun.io"/><property name="user.country" value="US"/><property name="sun.java.launcher" value="SUN_STANDARD"/><property name="sun.os.patch.level" value="unknown"/><property name="jna.nosys" value="true"/><property name="java.vm.specification.name" value="Java Virtual Machine Specification"/><property name="user.dir" value="/home/oneshot/chisel-lab/lab2"/><property name="java.runtime.version" value="1.8.0_342-b07"/><property name="java.awt.graphicsenv" value="sun.awt.X11GraphicsEnvironment"/><property name="idea.managed" value="true"/><property name="java.endorsed.dirs" value="/home/oneshot/.jdks/corretto-1.8.0_342/jre/lib/endorsed"/><property name="os.arch" value="amd64"/><property name="java.io.tmpdir" value="/tmp"/><property name="line.separator" value="
"/><property name="java.vm.specification.vendor" value="Oracle Corporation"/><property name="log4j.ignoreTCL" value="true"/><property name="https.proxyHost" value="10.188.200.71"/><property name="os.name" value="Linux"/><property name="sun.jnu.encoding" value="UTF-8"/><property name="jnidispatch.path" value="/home/oneshot/.cache/JNA/temp/jna3575409240539511406.tmp"/><property name="http.proxyPort" value="10081"/><property name="java.library.path" value="/usr/java/packages/lib/amd64:/usr/lib64:/lib64:/lib:/usr/lib"/><property name="java.specification.name" value="Java Platform API Specification"/><property name="java.class.version" value="52.0"/><property name="sun.management.compiler" value="HotSpot 64-Bit Tiered Compilers"/><property name="os.version" value="5.15.0-48-generic"/><property name="swoval.tmpdir" value="/home/oneshot/.sbt/1.0"/><property name="user.home" value="/home/oneshot"/><property name="user.timezone" value="Asia/Shanghai"/><property name="java.awt.printerjob" value="sun.print.PSPrinterJob"/><property name="idea.installation.dir" value="/opt/intellij-idea-ultimate"/><property name="file.encoding" value="UTF-8"/><property name="java.specification.version" value="1.8"/><property name="java.class.path" value="/home/oneshot/.local/share/JetBrains/IntelliJIdea2022.2/Scala/launcher/sbt-launch.jar"/><property name="user.name" value="oneshot"/><property name="jline.shutdownhook" value="false"/><property name="java.vm.specification.version" value="1.8"/><property name="sun.java.command" value="/home/oneshot/.local/share/JetBrains/IntelliJIdea2022.2/Scala/launcher/sbt-launch.jar early(addPluginSbtFile=&quot;&quot;&quot;/tmp/idea1.sbt&quot;&quot;&quot;) ; set ideaPort in Global := 34777 ; idea-shell"/><property name="java.home" value="/home/oneshot/.jdks/corretto-1.8.0_342/jre"/><property name="sun.arch.data.model" value="64"/><property name="user.language" value="en"/><property name="java.specification.vendor" value="Oracle Corporation"/><property name="awt.toolkit" value="sun.awt.X11.XToolkit"/><property name="java.vm.info" value="mixed mode"/><property name="java.version" value="1.8.0_342"/><property name="java.ext.dirs" value="/home/oneshot/.jdks/corretto-1.8.0_342/jre/lib/ext:/usr/java/packages/lib/ext"/><property name="http.proxyHost" value="10.188.200.71"/><property name="sun.boot.class.path" value="/home/oneshot/.jdks/corretto-1.8.0_342/jre/lib/resources.jar:/home/oneshot/.jdks/corretto-1.8.0_342/jre/lib/rt.jar:/home/oneshot/.jdks/corretto-1.8.0_342/jre/lib/sunrsasign.jar:/home/oneshot/.jdks/corretto-1.8.0_342/jre/lib/jsse.jar:/home/oneshot/.jdks/corretto-1.8.0_342/jre/lib/jce.jar:/home/oneshot/.jdks/corretto-1.8.0_342/jre/lib/charsets.jar:/home/oneshot/.jdks/corretto-1.8.0_342/jre/lib/jfr.jar:/home/oneshot/.jdks/corretto-1.8.0_342/jre/classes"/><property name="java.vendor" value="Amazon.com Inc."/><property name="file.separator" value="/"/><property name="java.vendor.url.bug" value="https://github.com/corretto/corretto-8/issues/"/><property name="sbt.supershell" value="false"/><property name="sun.io.unicode.encoding" value="UnicodeLittle"/><property name="sun.cpu.endian" value="little"/><property name="https.proxyPort" value="10081"/><property name="sun.desktop" value="gnome"/><property name="sun.cpu.isalist" value=""/>
    </properties>
          <testcase classname="DecoderSpec" name="Decoder should pass" time="0.978">
                      
                    </testcase>
          <system-out><![CDATA[]]></system-out>
          <system-err><![CDATA[]]></system-err>
        </testsuite>