<?xml version='1.0' encoding='UTF-8'?>
<testsuite hostname="ubuntu" name="AccuSpec" tests="1" errors="0" failures="0" skipped="0" time="5.031" timestamp="2022-10-29T17:44:59">
          <properties>
      <property name="java.specification.version" value="17"/><property name="sun.jnu.encoding" value="UTF-8"/><property name="sun.arch.data.model" value="64"/><property name="java.vendor.url" value="https://openjdk.java.net/"/><property name="sun.boot.library.path" value="/home/oneshot/chipyard/.conda-env/lib/jvm/lib"/><property name="sun.java.command" value="/home/oneshot/chipyard/.conda-env/share/sbt/bin/sbt-launch.jar testOnly AccuSpec"/><property name="jdk.debug" value="release"/><property name="sun.stderr.encoding" value="UTF-8"/><property name="java.specification.vendor" value="Oracle Corporation"/><property name="java.version.date" value="2022-04-19"/><property name="java.home" value="/home/oneshot/chipyard/.conda-env/lib/jvm"/><property name="file.separator" value="/"/><property name="java.vm.compressedOopsMode" value="32-bit"/><property name="line.separator" value="
"/><property name="sun.stdout.encoding" value="UTF-8"/><property name="java.vm.specification.vendor" value="Oracle Corporation"/><property name="java.specification.name" value="Java Platform API Specification"/><property name="sun.management.compiler" value="HotSpot 64-Bit Tiered Compilers"/><property name="java.runtime.version" value="17.0.3-internal+0-adhoc..src"/><property name="user.name" value="oneshot"/><property name="log4j.ignoreTCL" value="true"/><property name="file.encoding" value="UTF-8"/><property name="jnidispatch.path" value="/home/oneshot/.cache/JNA/temp/jna8482903296356383983.tmp"/><property name="jna.loaded" value="true"/><property name="java.io.tmpdir" value="/tmp"/><property name="java.version" value="17.0.3-internal"/><property name="java.vm.specification.name" value="Java Virtual Machine Specification"/><property name="native.encoding" value="UTF-8"/><property name="java.library.path" value="/home/oneshot/chipyard/.conda-env/riscv-tools/lib:/usr/java/packages/lib:/usr/lib64:/lib64:/lib:/usr/lib"/><property name="java.vendor" value="N/A"/><property name="scala.ext.dirs" value="/home/oneshot/.sbt/1.0/java9-rt-ext-n_a_17_0_3_internal"/><property name="sun.io.unicode.encoding" value="UnicodeLittle"/><property name="java.class.path" value="/home/oneshot/chipyard/.conda-env/share/sbt/bin/sbt-launch.jar"/><property name="java.vm.vendor" value="Oracle Corporation"/><property name="jline.shutdownhook" value="false"/><property name="user.timezone" value="Asia/Shanghai"/><property name="java.vm.specification.version" value="17"/><property name="os.name" value="Linux"/><property name="sun.java.launcher" value="SUN_STANDARD"/><property name="user.country" value="US"/><property name="sun.cpu.endian" value="little"/><property name="user.home" value="/home/oneshot"/><property name="user.language" value="en"/><property name="sbt.script" value="/home/oneshot/chipyard/.conda-env/bin/sbt"/><property name="swoval.tmpdir" value="/home/oneshot/.sbt/1.0"/><property name="jline.esc.timeout" value="0"/><property name="path.separator" value=":"/><property name="os.version" value="5.15.0-48-generic"/><property name="jna.nosys" value="true"/><property name="java.runtime.name" value="OpenJDK Runtime Environment"/><property name="java.vm.name" value="OpenJDK 64-Bit Server VM"/><property name="jna.platform.library.path" value="/usr/lib/x86_64-linux-gnu:/lib/x86_64-linux-gnu:/usr/lib64:/lib64:/usr/lib:/lib:/lib32:/usr/lib/vmware-tools/lib64/libvmGuestLibJava.so:/usr/lib/vmware-tools/lib32/libvmGuestLibJava.so:/usr/lib/vmware-tools/lib64/libvmGuestLib.so:/usr/lib/vmware-tools/lib32/libvmGuestLib.so:/libx32:/lib/i386-linux-gnu:/usr/lib/x86_64-linux-gnu/libfakeroot:/usr/local/lib:/usr/lib/vmware-tools/lib64/libDeployPkg.so:/usr/lib/vmware-tools/lib32/libDeployPkg.so"/><property name="java.vendor.url.bug" value="https://bugreport.java.com/bugreport/"/><property name="user.dir" value="/home/oneshot/chisel-lab/lab3"/><property name="os.arch" value="amd64"/><property name="java.vm.info" value="mixed mode, sharing"/><property name="java.vm.version" value="17.0.3-internal+0-adhoc..src"/><property name="java.class.version" value="61.0"/>
    </properties>
          <testcase classname="AccuSpec" name="Accu should pass" time="5.031">
                      
                    </testcase>
          <system-out><![CDATA[]]></system-out>
          <system-err><![CDATA[]]></system-err>
        </testsuite>